C51 COMPILER V9.60.7.0   LCD                                                               05/23/2025 23:36:23 PAGE 1   


C51 COMPILER V9.60.7.0, COMPILATION OF MODULE LCD
OBJECT MODULE PLACED IN .\Objects\lcd.obj
COMPILER INVOKED BY: C:\Keil_v5\C51\BIN\C51.EXE lcd.c OPTIMIZE(8,SPEED) BROWSE DEBUG OBJECTEXTEND PRINT(.\Listings\lcd.l
                    -st) TABS(2) OBJECT(.\Objects\lcd.obj)

line level    source

   1          #include<LCD.h>
   2          
   3          // LCD initialization
   4          void lcd_init(void)
   5          {
   6   1          lcd_cmd(0x38);  // 8-bit, 2 line, 5x7
   7   1          lcd_cmd(0x0C);  // Display ON, cursor OFF
   8   1          lcd_cmd(0x01);  // Clear display
   9   1          delay(20);      // Extra delay after clear
  10   1          lcd_cmd(0x80);  // Set cursor to 1st line
  11   1      }
  12          
  13          // Delay function (~1ms per unit at 11.0592 MHz)
  14          void delay(unsigned int i)
  15          {
  16   1          unsigned int j, k;
  17   1          for(j = 0; j < i; j++)
  18   1              for(k = 0; k < 1275; k++);
  19   1      }
  20          
  21          // Send command to LCD
  22          void lcd_cmd(unsigned char a)
  23          {
  24   1          rs = 0;
  25   1          rw = 0;       // Write mode
  26   1          ldata = a;
  27   1          en = 1;
  28   1          delay(2);
  29   1          en = 0;
  30   1          delay(2);    
  31   1      }
  32          
  33          // Send data to LCD
  34          void lcd_data(unsigned char b)
  35          {
  36   1          rs = 1;
  37   1          rw = 0;       // Write mode
  38   1          ldata = b;
  39   1          en = 1;
  40   1          delay(2);
  41   1          en = 0;
  42   1          delay(2);
  43   1      }
  44          
  45          // Send string to LCD
  46          void lcd_str(unsigned char *str)
  47          {
  48   1          while(*str)
  49   1          {
  50   2              lcd_data(*str++);
  51   2          }
  52   1      }


C51 COMPILER V9.60.7.0   LCD                                                               05/23/2025 23:36:23 PAGE 2   

MODULE INFORMATION:   STATIC OVERLAYABLE
   CODE SIZE        =    126    ----
   CONSTANT SIZE    =   ----    ----
   XDATA SIZE       =   ----    ----
   PDATA SIZE       =   ----    ----
   DATA SIZE        =   ----       3
   IDATA SIZE       =   ----    ----
   BIT SIZE         =   ----    ----
END OF MODULE INFORMATION.


C51 COMPILATION COMPLETE.  0 WARNING(S),  0 ERROR(S)
