C51 COMPILER V9.60.7.0   LED                                                               05/24/2025 21:30:08 PAGE 1   


C51 COMPILER V9.60.7.0, COMPILATION OF MODULE LED
OBJECT MODULE PLACED IN .\Objects\led.obj
COMPILER INVOKED BY: C:\Keil_v5\C51\BIN\C51.EXE led.c OPTIMIZE(8,SPEED) BROWSE DEBUG OBJECTEXTEND PRINT(.\Listings\led.l
                    -st) TABS(2) OBJECT(.\Objects\led.obj)

line level    source

   1          #include "led.h"
   2          #include "lcd.h"
   3          
   4          void led_status(void)
   5          {
   6   1          lcd_cmd(0x01);              // Clear LCD
   7   1          lcd_str("LED Status");      // Print heading
   8   1          LED = 0;                    // Turn OFF LED initially
   9   1      
  10   1          while(1)
  11   1          {
  12   2              lcd_cmd(0xC0);          // Move to second line
  13   2      
  14   2              if(push_button == 0)    // If button is pressed
  15   2              {
  16   3                  LED = 1;            // Turn ON LED
  17   3                  lcd_str("LED ON "); // Note: space to overwrite old text
  18   3              }
  19   2              else
  20   2              {
  21   3                  LED = 0;            // Turn OFF LED
  22   3                  lcd_str("LED OFF"); // Same length
  23   3              }
  24   2      
  25   2          }
  26   1      }


MODULE INFORMATION:   STATIC OVERLAYABLE
   CODE SIZE        =     50    ----
   CONSTANT SIZE    =     27    ----
   XDATA SIZE       =   ----    ----
   PDATA SIZE       =   ----    ----
   DATA SIZE        =   ----    ----
   IDATA SIZE       =   ----    ----
   BIT SIZE         =   ----    ----
END OF MODULE INFORMATION.


C51 COMPILATION COMPLETE.  0 WARNING(S),  0 ERROR(S)
