C51 COMPILER V9.60.7.0   RTC                                                               06/09/2025 23:10:23 PAGE 1   


C51 COMPILER V9.60.7.0, COMPILATION OF MODULE RTC
OBJECT MODULE PLACED IN .\Objects\rtc.obj
COMPILER INVOKED BY: C:\Keil_v5\C51\BIN\C51.EXE rtc.c OPTIMIZE(8,SPEED) BROWSE DEBUG OBJECTEXTEND PRINT(.\Listings\rtc.l
                    -st) TABS(2) OBJECT(.\Objects\rtc.obj)

line level    source

   1          #include "rtc.h"
*** WARNING C323 IN LINE 18 OF i2c.h: newline expected, extra characters found
   2          
   3          
   4          unsigned char dec_to_bcd(unsigned char val) {
   5   1          return ((val / 10) << 4) | (val % 10);
   6   1      }
   7          unsigned char bcd_to_dec(unsigned char val)
   8          {
   9   1         return ((val >> 4) * 10) + (val & 0x0F);
  10   1      }
  11          
  12          void rtc_set_time(unsigned char hour, unsigned char min, unsigned char sec)
  13          {
  14   1        i2c_start();
  15   1        i2c_write(0xD0);    // DS1307 write address
  16   1        i2c_write(0x00);     // Start at  resister 0x00 (seconds)
  17   1        i2c_write(dec_to_bcd(sec));
  18   1        i2c_write(dec_to_bcd(min));
  19   1        i2c_write(dec_to_bcd(hour));
  20   1        i2c_stop();
  21   1      }
  22          
  23          void rtc_get_time(unsigned char *hour, unsigned char *min, unsigned char *sec)
  24          {
  25   1        i2c_start();
  26   1        i2c_write(0xD0);    // DS1307 write address
  27   1        i2c_write(0x00);     // Start at  resister 0x00 (seconds)
  28   1        
  29   1        i2c_start();
  30   1        i2c_write(0xD1);
  31   1        *sec= bcd_to_dec(i2c_read(1));
  32   1        *min= bcd_to_dec(i2c_read(1));
  33   1        *hour=  bcd_to_dec(i2c_read(0));
  34   1        i2c_stop();
  35   1      }


MODULE INFORMATION:   STATIC OVERLAYABLE
   CODE SIZE        =    164    ----
   CONSTANT SIZE    =   ----    ----
   XDATA SIZE       =   ----    ----
   PDATA SIZE       =   ----    ----
   DATA SIZE        =   ----      12
   IDATA SIZE       =   ----    ----
   BIT SIZE         =   ----    ----
END OF MODULE INFORMATION.


C51 COMPILATION COMPLETE.  1 WARNING(S),  0 ERROR(S)
